2024-07-02 00:00:40.866 INFO [Eureka-EvictionTimer] [com.netflix.eureka.registry.AbstractInstanceRegistry$EvictionTask.run(AbstractInstanceRegistry.java:1252)] - Running the evict task with compensationTime 11ms
2024-07-02 00:01:40.881 INFO [Eureka-EvictionTimer] [com.netflix.eureka.registry.AbstractInstanceRegistry$EvictionTask.run(AbstractInstanceRegistry.java:1252)] - Running the evict task with compensationTime 14ms
2024-07-02 03:02:33.602 ERROR [TaskBatchingWorker-target_localhost-14] [com.netflix.eureka.cluster.ReplicationTaskProcessor.process(ReplicationTaskProcessor.java:96)] - It seems to be a socket read timeout exception, it will retry later. if it continues to happen and some eureka node occupied all the cpu time, you should set property 'eureka.server.peer-node-read-timeout-ms' to a bigger value
jakarta.ws.rs.ProcessingException: java.net.SocketTimeoutException: Read timed out
	at org.glassfish.jersey.apache.connector.ApacheConnector.apply(ApacheConnector.java:533) ~[jersey-apache-connector-3.1.6.jar:?]
	at org.glassfish.jersey.client.ClientRuntime.invoke(ClientRuntime.java:300) ~[jersey-client-3.1.6.jar:?]
	at org.glassfish.jersey.client.JerseyInvocation.lambda$invoke$0(JerseyInvocation.java:674) ~[jersey-client-3.1.6.jar:?]
	at org.glassfish.jersey.client.JerseyInvocation.call(JerseyInvocation.java:709) ~[jersey-client-3.1.6.jar:?]
	at org.glassfish.jersey.client.JerseyInvocation.lambda$runInScope$3(JerseyInvocation.java:703) ~[jersey-client-3.1.6.jar:?]
	at org.glassfish.jersey.internal.Errors.process(Errors.java:292) ~[jersey-common-3.1.6.jar:?]
	at org.glassfish.jersey.internal.Errors.process(Errors.java:274) ~[jersey-common-3.1.6.jar:?]
	at org.glassfish.jersey.internal.Errors.process(Errors.java:205) ~[jersey-common-3.1.6.jar:?]
	at org.glassfish.jersey.process.internal.RequestScope.runInScope(RequestScope.java:391) ~[jersey-common-3.1.6.jar:?]
	at org.glassfish.jersey.client.JerseyInvocation.runInScope(JerseyInvocation.java:703) ~[jersey-client-3.1.6.jar:?]
	at org.glassfish.jersey.client.JerseyInvocation.invoke(JerseyInvocation.java:673) ~[jersey-client-3.1.6.jar:?]
	at org.glassfish.jersey.client.JerseyInvocation$Builder.method(JerseyInvocation.java:439) ~[jersey-client-3.1.6.jar:?]
	at org.glassfish.jersey.client.JerseyInvocation$Builder.post(JerseyInvocation.java:345) ~[jersey-client-3.1.6.jar:?]
	at com.netflix.eureka.transport.Jersey3ReplicationClient.submitBatchUpdates(Jersey3ReplicationClient.java:116) ~[eureka-core-jersey3-2.0.2.jar:2.0.2]
	at com.netflix.eureka.cluster.ReplicationTaskProcessor.process(ReplicationTaskProcessor.java:80) [eureka-core-2.0.2.jar:2.0.2]
	at com.netflix.eureka.util.batcher.TaskExecutors$BatchWorkerRunnable.run(TaskExecutors.java:190) [eureka-core-2.0.2.jar:2.0.2]
	at java.base/java.lang.Thread.run(Thread.java:842) [?:?]
Caused by: java.net.SocketTimeoutException: Read timed out
	at java.base/sun.nio.ch.NioSocketImpl.timedRead(NioSocketImpl.java:288) ~[?:?]
	at java.base/sun.nio.ch.NioSocketImpl.implRead(NioSocketImpl.java:314) ~[?:?]
	at java.base/sun.nio.ch.NioSocketImpl.read(NioSocketImpl.java:355) ~[?:?]
	at java.base/sun.nio.ch.NioSocketImpl$1.read(NioSocketImpl.java:808) ~[?:?]
	at java.base/java.net.Socket$SocketInputStream.read(Socket.java:966) ~[?:?]
	at org.apache.http.impl.io.SessionInputBufferImpl.streamRead(SessionInputBufferImpl.java:137) ~[httpcore-4.4.16.jar:4.4.16]
	at org.apache.http.impl.io.SessionInputBufferImpl.fillBuffer(SessionInputBufferImpl.java:153) ~[httpcore-4.4.16.jar:4.4.16]
	at org.apache.http.impl.io.SessionInputBufferImpl.readLine(SessionInputBufferImpl.java:280) ~[httpcore-4.4.16.jar:4.4.16]
	at org.apache.http.impl.conn.DefaultHttpResponseParser.parseHead(DefaultHttpResponseParser.java:138) ~[httpclient-4.5.3.jar:4.5.3]
	at org.apache.http.impl.conn.DefaultHttpResponseParser.parseHead(DefaultHttpResponseParser.java:56) ~[httpclient-4.5.3.jar:4.5.3]
	at org.apache.http.impl.io.AbstractMessageParser.parse(AbstractMessageParser.java:259) ~[httpcore-4.4.16.jar:4.4.16]
	at org.apache.http.impl.DefaultBHttpClientConnection.receiveResponseHeader(DefaultBHttpClientConnection.java:163) ~[httpcore-4.4.16.jar:4.4.16]
	at org.apache.http.impl.conn.CPoolProxy.receiveResponseHeader(CPoolProxy.java:165) ~[httpclient-4.5.3.jar:4.5.3]
	at org.apache.http.protocol.HttpRequestExecutor.doReceiveResponse(HttpRequestExecutor.java:273) ~[httpcore-4.4.16.jar:4.4.16]
	at org.apache.http.protocol.HttpRequestExecutor.execute(HttpRequestExecutor.java:125) ~[httpcore-4.4.16.jar:4.4.16]
	at org.apache.http.impl.execchain.MainClientExec.execute(MainClientExec.java:272) ~[httpclient-4.5.3.jar:4.5.3]
	at org.apache.http.impl.execchain.ProtocolExec.execute(ProtocolExec.java:185) ~[httpclient-4.5.3.jar:4.5.3]
	at org.apache.http.impl.execchain.RetryExec.execute(RetryExec.java:89) ~[httpclient-4.5.3.jar:4.5.3]
	at org.apache.http.impl.execchain.RedirectExec.execute(RedirectExec.java:111) ~[httpclient-4.5.3.jar:4.5.3]
	at org.apache.http.impl.client.InternalHttpClient.doExecute(InternalHttpClient.java:185) ~[httpclient-4.5.3.jar:4.5.3]
	at org.apache.http.impl.client.CloseableHttpClient.execute(CloseableHttpClient.java:72) ~[httpclient-4.5.3.jar:4.5.3]
	at org.glassfish.jersey.apache.connector.ApacheConnector.apply(ApacheConnector.java:485) ~[jersey-apache-connector-3.1.6.jar:?]
	... 16 more
2024-07-02 09:48:55.189 INFO [Eureka-EvictionTimer] [com.netflix.eureka.registry.AbstractInstanceRegistry$EvictionTask.run(AbstractInstanceRegistry.java:1252)] - Running the evict task with compensationTime 35184096ms
2024-07-02 09:49:07.436 ERROR [TaskBatchingWorker-target_localhost-9] [com.netflix.eureka.cluster.ReplicationTaskProcessor.process(ReplicationTaskProcessor.java:96)] - It seems to be a socket read timeout exception, it will retry later. if it continues to happen and some eureka node occupied all the cpu time, you should set property 'eureka.server.peer-node-read-timeout-ms' to a bigger value
jakarta.ws.rs.ProcessingException: java.net.SocketTimeoutException: Read timed out
	at org.glassfish.jersey.apache.connector.ApacheConnector.apply(ApacheConnector.java:533) ~[jersey-apache-connector-3.1.6.jar:?]
	at org.glassfish.jersey.client.ClientRuntime.invoke(ClientRuntime.java:300) ~[jersey-client-3.1.6.jar:?]
	at org.glassfish.jersey.client.JerseyInvocation.lambda$invoke$0(JerseyInvocation.java:674) ~[jersey-client-3.1.6.jar:?]
	at org.glassfish.jersey.client.JerseyInvocation.call(JerseyInvocation.java:709) ~[jersey-client-3.1.6.jar:?]
	at org.glassfish.jersey.client.JerseyInvocation.lambda$runInScope$3(JerseyInvocation.java:703) ~[jersey-client-3.1.6.jar:?]
	at org.glassfish.jersey.internal.Errors.process(Errors.java:292) ~[jersey-common-3.1.6.jar:?]
	at org.glassfish.jersey.internal.Errors.process(Errors.java:274) ~[jersey-common-3.1.6.jar:?]
	at org.glassfish.jersey.internal.Errors.process(Errors.java:205) ~[jersey-common-3.1.6.jar:?]
	at org.glassfish.jersey.process.internal.RequestScope.runInScope(RequestScope.java:391) ~[jersey-common-3.1.6.jar:?]
	at org.glassfish.jersey.client.JerseyInvocation.runInScope(JerseyInvocation.java:703) ~[jersey-client-3.1.6.jar:?]
	at org.glassfish.jersey.client.JerseyInvocation.invoke(JerseyInvocation.java:673) ~[jersey-client-3.1.6.jar:?]
	at org.glassfish.jersey.client.JerseyInvocation$Builder.method(JerseyInvocation.java:439) ~[jersey-client-3.1.6.jar:?]
	at org.glassfish.jersey.client.JerseyInvocation$Builder.post(JerseyInvocation.java:345) ~[jersey-client-3.1.6.jar:?]
	at com.netflix.eureka.transport.Jersey3ReplicationClient.submitBatchUpdates(Jersey3ReplicationClient.java:116) ~[eureka-core-jersey3-2.0.2.jar:2.0.2]
	at com.netflix.eureka.cluster.ReplicationTaskProcessor.process(ReplicationTaskProcessor.java:80) [eureka-core-2.0.2.jar:2.0.2]
	at com.netflix.eureka.util.batcher.TaskExecutors$BatchWorkerRunnable.run(TaskExecutors.java:190) [eureka-core-2.0.2.jar:2.0.2]
	at java.base/java.lang.Thread.run(Thread.java:842) [?:?]
Caused by: java.net.SocketTimeoutException: Read timed out
	at java.base/sun.nio.ch.NioSocketImpl.timedRead(NioSocketImpl.java:288) ~[?:?]
	at java.base/sun.nio.ch.NioSocketImpl.implRead(NioSocketImpl.java:314) ~[?:?]
	at java.base/sun.nio.ch.NioSocketImpl.read(NioSocketImpl.java:355) ~[?:?]
	at java.base/sun.nio.ch.NioSocketImpl$1.read(NioSocketImpl.java:808) ~[?:?]
	at java.base/java.net.Socket$SocketInputStream.read(Socket.java:966) ~[?:?]
	at org.apache.http.impl.io.SessionInputBufferImpl.streamRead(SessionInputBufferImpl.java:137) ~[httpcore-4.4.16.jar:4.4.16]
	at org.apache.http.impl.io.SessionInputBufferImpl.fillBuffer(SessionInputBufferImpl.java:153) ~[httpcore-4.4.16.jar:4.4.16]
	at org.apache.http.impl.io.SessionInputBufferImpl.readLine(SessionInputBufferImpl.java:280) ~[httpcore-4.4.16.jar:4.4.16]
	at org.apache.http.impl.conn.DefaultHttpResponseParser.parseHead(DefaultHttpResponseParser.java:138) ~[httpclient-4.5.3.jar:4.5.3]
	at org.apache.http.impl.conn.DefaultHttpResponseParser.parseHead(DefaultHttpResponseParser.java:56) ~[httpclient-4.5.3.jar:4.5.3]
	at org.apache.http.impl.io.AbstractMessageParser.parse(AbstractMessageParser.java:259) ~[httpcore-4.4.16.jar:4.4.16]
	at org.apache.http.impl.DefaultBHttpClientConnection.receiveResponseHeader(DefaultBHttpClientConnection.java:163) ~[httpcore-4.4.16.jar:4.4.16]
	at org.apache.http.impl.conn.CPoolProxy.receiveResponseHeader(CPoolProxy.java:165) ~[httpclient-4.5.3.jar:4.5.3]
	at org.apache.http.protocol.HttpRequestExecutor.doReceiveResponse(HttpRequestExecutor.java:273) ~[httpcore-4.4.16.jar:4.4.16]
	at org.apache.http.protocol.HttpRequestExecutor.execute(HttpRequestExecutor.java:125) ~[httpcore-4.4.16.jar:4.4.16]
	at org.apache.http.impl.execchain.MainClientExec.execute(MainClientExec.java:272) ~[httpclient-4.5.3.jar:4.5.3]
	at org.apache.http.impl.execchain.ProtocolExec.execute(ProtocolExec.java:185) ~[httpclient-4.5.3.jar:4.5.3]
	at org.apache.http.impl.execchain.RetryExec.execute(RetryExec.java:89) ~[httpclient-4.5.3.jar:4.5.3]
	at org.apache.http.impl.execchain.RedirectExec.execute(RedirectExec.java:111) ~[httpclient-4.5.3.jar:4.5.3]
	at org.apache.http.impl.client.InternalHttpClient.doExecute(InternalHttpClient.java:185) ~[httpclient-4.5.3.jar:4.5.3]
	at org.apache.http.impl.client.CloseableHttpClient.execute(CloseableHttpClient.java:72) ~[httpclient-4.5.3.jar:4.5.3]
	at org.glassfish.jersey.apache.connector.ApacheConnector.apply(ApacheConnector.java:485) ~[jersey-apache-connector-3.1.6.jar:?]
	... 16 more
2024-07-02 09:49:55.192 INFO [Eureka-EvictionTimer] [com.netflix.eureka.registry.AbstractInstanceRegistry$EvictionTask.run(AbstractInstanceRegistry.java:1252)] - Running the evict task with compensationTime 0ms
2024-07-02 09:50:55.193 INFO [Eureka-EvictionTimer] [com.netflix.eureka.registry.AbstractInstanceRegistry$EvictionTask.run(AbstractInstanceRegistry.java:1252)] - Running the evict task with compensationTime 0ms
2024-07-02 09:51:54.730 INFO [ReplicaAwareInstanceRegistry - RenewalThresholdUpdater] [com.netflix.eureka.registry.PeerAwareInstanceRegistryImpl.updateRenewalThreshold(PeerAwareInstanceRegistryImpl.java:554)] - Current renewal threshold is : 5
2024-07-02 09:51:55.203 INFO [Eureka-EvictionTimer] [com.netflix.eureka.registry.AbstractInstanceRegistry$EvictionTask.run(AbstractInstanceRegistry.java:1252)] - Running the evict task with compensationTime 10ms
2024-07-02 09:52:55.210 INFO [Eureka-EvictionTimer] [com.netflix.eureka.registry.AbstractInstanceRegistry$EvictionTask.run(AbstractInstanceRegistry.java:1252)] - Running the evict task with compensationTime 6ms
2024-07-02 09:53:55.219 INFO [Eureka-EvictionTimer] [com.netflix.eureka.registry.AbstractInstanceRegistry$EvictionTask.run(AbstractInstanceRegistry.java:1252)] - Running the evict task with compensationTime 9ms
2024-07-02 09:54:55.224 INFO [Eureka-EvictionTimer] [com.netflix.eureka.registry.AbstractInstanceRegistry$EvictionTask.run(AbstractInstanceRegistry.java:1252)] - Running the evict task with compensationTime 26ms
2024-07-02 09:55:55.224 INFO [Eureka-EvictionTimer] [com.netflix.eureka.registry.AbstractInstanceRegistry$EvictionTask.run(AbstractInstanceRegistry.java:1252)] - Running the evict task with compensationTime 194ms
2024-07-02 09:56:55.233 INFO [Eureka-EvictionTimer] [com.netflix.eureka.registry.AbstractInstanceRegistry$EvictionTask.run(AbstractInstanceRegistry.java:1252)] - Running the evict task with compensationTime 202ms
2024-07-02 09:57:55.244 INFO [Eureka-EvictionTimer] [com.netflix.eureka.registry.AbstractInstanceRegistry$EvictionTask.run(AbstractInstanceRegistry.java:1252)] - Running the evict task with compensationTime 205ms
2024-07-02 09:58:55.245 INFO [Eureka-EvictionTimer] [com.netflix.eureka.registry.AbstractInstanceRegistry$EvictionTask.run(AbstractInstanceRegistry.java:1252)] - Running the evict task with compensationTime 196ms
2024-07-02 09:59:55.254 INFO [Eureka-EvictionTimer] [com.netflix.eureka.registry.AbstractInstanceRegistry$EvictionTask.run(AbstractInstanceRegistry.java:1252)] - Running the evict task with compensationTime 178ms
2024-07-02 10:00:55.255 INFO [Eureka-EvictionTimer] [com.netflix.eureka.registry.AbstractInstanceRegistry$EvictionTask.run(AbstractInstanceRegistry.java:1252)] - Running the evict task with compensationTime 1ms
2024-07-02 10:01:55.264 INFO [Eureka-EvictionTimer] [com.netflix.eureka.registry.AbstractInstanceRegistry$EvictionTask.run(AbstractInstanceRegistry.java:1252)] - Running the evict task with compensationTime 8ms
2024-07-02 10:02:55.277 INFO [Eureka-EvictionTimer] [com.netflix.eureka.registry.AbstractInstanceRegistry$EvictionTask.run(AbstractInstanceRegistry.java:1252)] - Running the evict task with compensationTime 13ms
2024-07-02 10:03:55.283 INFO [Eureka-EvictionTimer] [com.netflix.eureka.registry.AbstractInstanceRegistry$EvictionTask.run(AbstractInstanceRegistry.java:1252)] - Running the evict task with compensationTime 5ms
2024-07-02 10:35:29.168 INFO [Eureka-EvictionTimer] [com.netflix.eureka.registry.AbstractInstanceRegistry$EvictionTask.run(AbstractInstanceRegistry.java:1252)] - Running the evict task with compensationTime 1833889ms
2024-07-02 10:36:29.181 INFO [Eureka-EvictionTimer] [com.netflix.eureka.registry.AbstractInstanceRegistry$EvictionTask.run(AbstractInstanceRegistry.java:1252)] - Running the evict task with compensationTime 12ms
2024-07-02 10:37:27.639 INFO [ReplicaAwareInstanceRegistry - RenewalThresholdUpdater] [com.netflix.eureka.registry.PeerAwareInstanceRegistryImpl.updateRenewalThreshold(PeerAwareInstanceRegistryImpl.java:554)] - Current renewal threshold is : 5
2024-07-02 10:37:29.188 INFO [Eureka-EvictionTimer] [com.netflix.eureka.registry.AbstractInstanceRegistry$EvictionTask.run(AbstractInstanceRegistry.java:1252)] - Running the evict task with compensationTime 7ms
2024-07-02 10:38:29.195 INFO [Eureka-EvictionTimer] [com.netflix.eureka.registry.AbstractInstanceRegistry$EvictionTask.run(AbstractInstanceRegistry.java:1252)] - Running the evict task with compensationTime 6ms
2024-07-02 10:39:29.210 INFO [Eureka-EvictionTimer] [com.netflix.eureka.registry.AbstractInstanceRegistry$EvictionTask.run(AbstractInstanceRegistry.java:1252)] - Running the evict task with compensationTime 15ms
2024-07-02 10:40:29.265 INFO [Eureka-EvictionTimer] [com.netflix.eureka.registry.AbstractInstanceRegistry$EvictionTask.run(AbstractInstanceRegistry.java:1252)] - Running the evict task with compensationTime 3ms
2024-07-02 10:40:56.067 INFO [http-nio-5000-exec-10] [com.netflix.eureka.registry.AbstractInstanceRegistry.register(AbstractInstanceRegistry.java:271)] - Registered instance EMPLOYEE-APP/SUNILN-PC.imspl.com:employee-app:8080 with status DOWN (replication=false)
2024-07-02 10:40:56.590 INFO [http-nio-5000-exec-3] [com.netflix.eureka.registry.AbstractInstanceRegistry.register(AbstractInstanceRegistry.java:271)] - Registered instance EMPLOYEE-APP/SUNILN-PC.imspl.com:employee-app:8080 with status DOWN (replication=true)
2024-07-02 10:41:05.247 INFO [http-nio-5000-exec-1] [com.netflix.eureka.registry.AbstractInstanceRegistry.register(AbstractInstanceRegistry.java:271)] - Registered instance ADDRESS-APP/SUNILN-PC.imspl.com:address-app:8081 with status DOWN (replication=false)
2024-07-02 10:41:05.761 INFO [http-nio-5000-exec-5] [com.netflix.eureka.registry.AbstractInstanceRegistry.register(AbstractInstanceRegistry.java:271)] - Registered instance ADDRESS-APP/SUNILN-PC.imspl.com:address-app:8081 with status DOWN (replication=true)
2024-07-02 10:41:08.120 INFO [RMI TCP Connection(145)-127.0.0.1] [org.springframework.boot.admin.SpringApplicationAdminMXBeanRegistrar$SpringApplicationAdmin.shutdown(SpringApplicationAdminMXBeanRegistrar.java:159)] - Application shutdown requested.
2024-07-02 10:41:08.133 INFO [RMI TCP Connection(145)-127.0.0.1] [org.springframework.cloud.netflix.eureka.serviceregistry.EurekaServiceRegistry.deregister(EurekaServiceRegistry.java:91)] - Unregistering application DISCOVERY-SERVICE with eureka with status DOWN
2024-07-02 10:41:08.144 INFO [RMI TCP Connection(145)-127.0.0.1] [org.apache.juli.logging.DirectJDKLog.log(DirectJDKLog.java:173)] - Stopping ProtocolHandler ["http-nio-5000"]
2024-07-02 10:41:08.163 INFO [RMI TCP Connection(145)-127.0.0.1] [org.springframework.cloud.netflix.eureka.server.EurekaServerBootstrap.contextDestroyed(EurekaServerBootstrap.java:82)] - Shutting down Eureka Server..
2024-07-02 10:41:08.169 INFO [RMI TCP Connection(145)-127.0.0.1] [com.netflix.eureka.DefaultEurekaServerContext.shutdown(DefaultEurekaServerContext.java:79)] - Shutting down ...
2024-07-02 10:41:08.173 INFO [RMI TCP Connection(145)-127.0.0.1] [com.netflix.servo.monitor.StatsMonitor.getMonitors(StatsMonitor.java:426)] - Attempting to get the value for an expired monitor: eurekaServer.replication.batchSize.Will start computing stats again.
2024-07-02 10:41:08.175 INFO [RMI TCP Connection(145)-127.0.0.1] [com.netflix.servo.monitor.StatsMonitor.getMonitors(StatsMonitor.java:426)] - Attempting to get the value for an expired monitor: eurekaServer.replication.executionTime.Will start computing stats again.
2024-07-02 10:41:08.175 INFO [RMI TCP Connection(145)-127.0.0.1] [com.netflix.servo.monitor.StatsMonitor.getMonitors(StatsMonitor.java:426)] - Attempting to get the value for an expired monitor: eurekaServer.replication.executionTime.Will start computing stats again.
2024-07-02 10:41:08.176 INFO [RMI TCP Connection(145)-127.0.0.1] [com.netflix.servo.monitor.StatsMonitor.getMonitors(StatsMonitor.java:426)] - Attempting to get the value for an expired monitor: eurekaServer.replication.batchSize.Will start computing stats again.
2024-07-02 10:41:08.197 INFO [RMI TCP Connection(145)-127.0.0.1] [com.netflix.eureka.DefaultEurekaServerContext.shutdown(DefaultEurekaServerContext.java:84)] - Shut down
2024-07-02 10:41:08.197 INFO [RMI TCP Connection(145)-127.0.0.1] [org.springframework.cloud.netflix.eureka.server.EurekaServerBootstrap.contextDestroyed(EurekaServerBootstrap.java:92)] - Eureka Service is now shutdown...
2024-07-02 10:41:08.200 INFO [RMI TCP Connection(145)-127.0.0.1] [com.netflix.eureka.DefaultEurekaServerContext.shutdown(DefaultEurekaServerContext.java:79)] - Shutting down ...
2024-07-02 10:41:08.204 INFO [RMI TCP Connection(145)-127.0.0.1] [com.netflix.eureka.DefaultEurekaServerContext.shutdown(DefaultEurekaServerContext.java:84)] - Shut down
2024-07-02 10:41:08.216 INFO [RMI TCP Connection(145)-127.0.0.1] [com.netflix.discovery.DiscoveryClient.shutdown(DiscoveryClient.java:879)] - Shutting down DiscoveryClient ...
2024-07-02 10:41:08.218 INFO [RMI TCP Connection(145)-127.0.0.1] [com.netflix.discovery.DiscoveryClient.shutdown(DiscoveryClient.java:904)] - Completed shut down of DiscoveryClient
